9751 .START (2018-08-20 21:24:13) phpCAS-1.3.5 ****************** [CAS.php:468]
9751 .=> phpCAS::client('2.0', 'cas.tamu.edu', 443, '/cas', false) [tamu_cas_client.php:32]
9751 .|    => CAS_Client::__construct('2.0', false, 'cas.tamu.edu', 443, '/cas', false) [CAS.php:360]
9751 .|    |    Session is authenticated as: nwanjari [Client.php:936]
9751 .|    <= ''
9751 .<= ''
9751 .=> phpCAS::setCasServerCACert('C:\\wamp64\\sacnet_framework/cas/incommon_sha384_ca_bundle.crt') [tamu_cas_client.php:33]
9751 .<= ''
B9B9 .START (2018-08-20 21:25:19) phpCAS-1.3.5 ****************** [CAS.php:468]
B9B9 .=> phpCAS::client('2.0', 'cas.tamu.edu', 443, '/cas', false) [tamu_cas_client.php:32]
B9B9 .|    => CAS_Client::__construct('2.0', false, 'cas.tamu.edu', 443, '/cas', false) [CAS.php:360]
B9B9 .|    |    Session is authenticated as: nwanjari [Client.php:936]
B9B9 .|    <= ''
B9B9 .<= ''
B9B9 .=> phpCAS::setCasServerCACert('C:\\wamp64\\sacnet_framework/cas/incommon_sha384_ca_bundle.crt') [tamu_cas_client.php:33]
B9B9 .<= ''
9B0C .START (2018-08-21 18:18:03) phpCAS-1.3.5 ****************** [CAS.php:468]
9B0C .=> phpCAS::client('2.0', 'cas.tamu.edu', 443, '/cas', false) [tamu_cas_client.php:32]
9B0C .|    => CAS_Client::__construct('2.0', false, 'cas.tamu.edu', 443, '/cas', false) [CAS.php:360]
9B0C .|    |    Session is authenticated as: nwanjari [Client.php:936]
9B0C .|    <= ''
9B0C .<= ''
9B0C .=> phpCAS::setCasServerCACert('C:\\wamp64\\sacnet_framework/cas/incommon_sha384_ca_bundle.crt') [tamu_cas_client.php:33]
9B0C .<= ''
C670 .START (2018-08-22 18:31:29) phpCAS-1.3.5 ****************** [CAS.php:468]
C670 .=> phpCAS::client('2.0', 'cas.tamu.edu', 443, '/cas', false) [tamu_cas_client.php:32]
C670 .|    => CAS_Client::__construct('2.0', false, 'cas.tamu.edu', 443, '/cas', false) [CAS.php:360]
C670 .|    |    Session is authenticated as: nwanjari [Client.php:936]
C670 .|    <= ''
C670 .<= ''
C670 .=> phpCAS::setCasServerCACert('C:\\wamp64\\sacnet_framework/cas/incommon_sha384_ca_bundle.crt') [tamu_cas_client.php:33]
C670 .<= ''
582C .START (2018-08-22 18:53:14) phpCAS-1.3.5 ****************** [CAS.php:468]
582C .=> phpCAS::client('2.0', 'cas.tamu.edu', 443, '/cas', false) [tamu_cas_client.php:32]
582C .|    => CAS_Client::__construct('2.0', false, 'cas.tamu.edu', 443, '/cas', false) [CAS.php:360]
582C .|    |    Session is authenticated as: nwanjari [Client.php:936]
582C .|    <= ''
582C .<= ''
582C .=> phpCAS::setCasServerCACert('C:\\wamp64\\sacnet_framework/cas/incommon_sha384_ca_bundle.crt') [tamu_cas_client.php:33]
582C .<= ''
54C5 .START (2018-08-22 18:53:20) phpCAS-1.3.5 ****************** [CAS.php:468]
54C5 .=> phpCAS::client('2.0', 'cas.tamu.edu', 443, '/cas', false) [tamu_cas_client.php:32]
54C5 .|    => CAS_Client::__construct('2.0', false, 'cas.tamu.edu', 443, '/cas', false) [CAS.php:360]
54C5 .|    |    Session is authenticated as: nwanjari [Client.php:936]
54C5 .|    <= ''
54C5 .<= ''
54C5 .=> phpCAS::setCasServerCACert('C:\\wamp64\\sacnet_framework/cas/incommon_sha384_ca_bundle.crt') [tamu_cas_client.php:33]
54C5 .<= ''
BCB7 .START (2018-08-22 18:59:07) phpCAS-1.3.5 ****************** [CAS.php:468]
BCB7 .=> phpCAS::client('2.0', 'cas.tamu.edu', 443, '/cas', false) [tamu_cas_client.php:32]
BCB7 .|    => CAS_Client::__construct('2.0', false, 'cas.tamu.edu', 443, '/cas', false) [CAS.php:360]
BCB7 .|    |    Session is authenticated as: nwanjari [Client.php:936]
BCB7 .|    <= ''
BCB7 .<= ''
BCB7 .=> phpCAS::setCasServerCACert('C:\\wamp64\\sacnet_framework/cas/incommon_sha384_ca_bundle.crt') [tamu_cas_client.php:33]
BCB7 .<= ''
E776 .START (2018-08-22 18:59:14) phpCAS-1.3.5 ****************** [CAS.php:468]
E776 .=> phpCAS::client('2.0', 'cas.tamu.edu', 443, '/cas', false) [tamu_cas_client.php:32]
E776 .|    => CAS_Client::__construct('2.0', false, 'cas.tamu.edu', 443, '/cas', false) [CAS.php:360]
E776 .|    |    Session is authenticated as: nwanjari [Client.php:936]
E776 .|    <= ''
E776 .<= ''
E776 .=> phpCAS::setCasServerCACert('C:\\wamp64\\sacnet_framework/cas/incommon_sha384_ca_bundle.crt') [tamu_cas_client.php:33]
E776 .<= ''
0A65 .START (2018-08-22 20:04:36) phpCAS-1.3.5 ****************** [CAS.php:468]
0A65 .=> phpCAS::client('2.0', 'cas.tamu.edu', 443, '/cas', false) [tamu_cas_client.php:32]
0A65 .|    => CAS_Client::__construct('2.0', false, 'cas.tamu.edu', 443, '/cas', false) [CAS.php:360]
0A65 .|    |    Session is authenticated as: nwanjari [Client.php:936]
0A65 .|    <= ''
0A65 .<= ''
0A65 .=> phpCAS::setCasServerCACert('C:\\wamp64\\sacnet_framework/cas/incommon_sha384_ca_bundle.crt') [tamu_cas_client.php:33]
0A65 .<= ''
EAFC .START (2018-08-22 20:49:19) phpCAS-1.3.5 ****************** [CAS.php:468]
EAFC .=> phpCAS::client('2.0', 'cas.tamu.edu', 443, '/cas', false) [tamu_cas_client.php:32]
EAFC .|    => CAS_Client::__construct('2.0', false, 'cas.tamu.edu', 443, '/cas', false) [CAS.php:360]
EAFC .|    |    Session is authenticated as: nwanjari [Client.php:936]
EAFC .|    <= ''
EAFC .<= ''
EAFC .=> phpCAS::setCasServerCACert('C:\\wamp64\\sacnet_framework/cas/incommon_sha384_ca_bundle.crt') [tamu_cas_client.php:33]
EAFC .<= ''
8621 .START (2018-08-22 21:08:50) phpCAS-1.3.5 ****************** [CAS.php:468]
8621 .=> phpCAS::client('2.0', 'cas.tamu.edu', 443, '/cas', false) [tamu_cas_client.php:32]
8621 .|    => CAS_Client::__construct('2.0', false, 'cas.tamu.edu', 443, '/cas', false) [CAS.php:360]
8621 .|    |    Session is authenticated as: nwanjari [Client.php:936]
8621 .|    <= ''
8621 .<= ''
8621 .=> phpCAS::setCasServerCACert('C:\\wamp64\\sacnet_framework/cas/incommon_sha384_ca_bundle.crt') [tamu_cas_client.php:33]
8621 .<= ''
851C .START (2018-08-22 21:09:31) phpCAS-1.3.5 ****************** [CAS.php:468]
851C .=> phpCAS::client('2.0', 'cas.tamu.edu', 443, '/cas', false) [tamu_cas_client.php:32]
851C .|    => CAS_Client::__construct('2.0', false, 'cas.tamu.edu', 443, '/cas', false) [CAS.php:360]
851C .|    |    Session is authenticated as: nwanjari [Client.php:936]
851C .|    <= ''
851C .<= ''
851C .=> phpCAS::setCasServerCACert('C:\\wamp64\\sacnet_framework/cas/incommon_sha384_ca_bundle.crt') [tamu_cas_client.php:33]
851C .<= ''
